Could not open input file: deadloop.php
Could not open input file: deadloop.php
Could not open input file: deadloop.php
Could not open input file: deadloop.php
1539251688
1539251691
1539251694
1539251697
1539251700
1539251703
1539251706
1539251709
1539251712
1539251715
1539251718
1539251721
1539251724
1539251727
1539251730
1539251733
1539251736
1539251739
1539251742
1539251745
1539251748
1539251751
1539251754
1539251757
1539251760
1539251763
1539251766
1539251769
1539251772
1539251775
1539251778
1539251781
1539251784
1539251787
1539251790
1539251793
1539251796
1539251799
1539251802
